<?xml version="1.0" encoding="UTF-8"?>
<testsuite xmlns:xsi="http://www.w3.org/2001/XMLSchema-instance" xsi:noNamespaceSchemaLocation="https://maven.apache.org/surefire/maven-surefire-plugin/xsd/surefire-test-report.xsd" version="3.0.2" name="com.alxy.notificationservice.NotificationServiceApplicationTests" time="10.989" tests="1" errors="0" skipped="0" failures="0">
  <properties>
[...]
</properties>
  <testcase name="testKafkaAndWebSocket" classname="com.alxy.notificationservice.NotificationServiceApplicationTests" time="5.585">
    <system-out><![CDATA[16:18:03.096 [main] INFO org.springframework.test.context.support.AnnotationConfigContextLoaderUtils -- Could not detect default configuration classes for test class [com.alxy.notificationservice.NotificationServiceApplicationTests]: NotificationServiceApplicationTests does not declare any static, non-private, non-final, nested classes annotated with @Configuration.
16:18:03.173 [main] INFO org.springframework.boot.test.context.SpringBootTestContextBootstrapper -- Found @SpringBootConfiguration com.alxy.notificationservice.NotificationServiceApplication for test class com.alxy.notificationservice.NotificationServiceApplicationTests

  .   ____          _            __ _ _
 /\\ / ___'_ __ _ _(_)_ __  __ _ \ \ \ \
( ( )\___ | '_ | '_| | '_ \/ _` | \ \ \ \
 \\/  ___)| |_)| | | | | || (_| |  ) ) ) )
  '  |____| .__|_| |_|_| |_\__, | / / / /
 =========|_|==============|___/=/_/_/_/

 :: Spring Boot ::                (v3.4.4)

2025-04-10T16:18:03.688+08:00  INFO 35212 --- [notification-service] [           main] .a.n.NotificationServiceApplicationTests : Starting NotificationServiceApplicationTests using Java 17.0.11 with PID 35212 (started by 14113 in D:\学习内容\中软国际培训\PrivateWealthSuite\notification-service)
2025-04-10T16:18:03.690+08:00  INFO 35212 --- [notification-service] [           main] .a.n.NotificationServiceApplicationTests : No active profile set, falling back to 1 default profile: "default"
2025-04-10T16:18:04.283+08:00  INFO 35212 --- [notification-service] [           main] .s.d.r.c.RepositoryConfigurationDelegate : Bootstrapping Spring Data JPA repositories in DEFAULT mode.
2025-04-10T16:18:04.403+08:00  INFO 35212 --- [notification-service] [           main] .s.d.r.c.RepositoryConfigurationDelegate : Finished Spring Data repository scanning in 111 ms. Found 1 JPA repository interface.
2025-04-10T16:18:04.569+08:00  INFO 35212 --- [notification-service] [           main] faultConfiguringBeanFactoryPostProcessor : No bean named 'errorChannel' has been explicitly defined. Therefore, a default PublishSubscribeChannel will be created.
2025-04-10T16:18:04.575+08:00  INFO 35212 --- [notification-service] [           main] faultConfiguringBeanFactoryPostProcessor : No bean named 'integrationHeaderChannelRegistry' has been explicitly defined. Therefore, a default DefaultHeaderChannelRegistry will be created.
2025-04-10T16:18:04.677+08:00  INFO 35212 --- [notification-service] [           main] o.s.cloud.context.scope.GenericScope     : BeanFactory id=c629b735-8e9d-3272-98be-b61d3d2e1095
2025-04-10T16:18:04.965+08:00  INFO 35212 --- [notification-service] [           main] o.hibernate.jpa.internal.util.LogHelper  : HHH000204: Processing PersistenceUnitInfo [name: default]
2025-04-10T16:18:05.031+08:00  INFO 35212 --- [notification-service] [           main] org.hibernate.Version                    : HHH000412: Hibernate ORM core version 6.6.11.Final
2025-04-10T16:18:05.069+08:00  INFO 35212 --- [notification-service] [           main] o.h.c.internal.RegionFactoryInitiator    : HHH000026: Second-level cache disabled
2025-04-10T16:18:05.307+08:00  INFO 35212 --- [notification-service] [           main] o.s.o.j.p.SpringPersistenceUnitInfo      : No LoadTimeWeaver setup: ignoring JPA class transformer
2025-04-10T16:18:05.334+08:00  INFO 35212 --- [notification-service] [           main] com.zaxxer.hikari.HikariDataSource       : HikariPool-1 - Starting...
2025-04-10T16:18:05.435+08:00  INFO 35212 --- [notification-service] [           main] com.zaxxer.hikari.pool.HikariPool        : HikariPool-1 - Added connection com.mysql.cj.jdbc.ConnectionImpl@737ff5c4
2025-04-10T16:18:05.437+08:00  INFO 35212 --- [notification-service] [           main] com.zaxxer.hikari.HikariDataSource       : HikariPool-1 - Start completed.
2025-04-10T16:18:05.467+08:00  WARN 35212 --- [notification-service] [           main] org.hibernate.orm.deprecation            : HHH90000025: MySQL8Dialect does not need to be specified explicitly using 'hibernate.dialect' (remove the property setting and it will be selected by default)
2025-04-10T16:18:05.467+08:00  WARN 35212 --- [notification-service] [           main] org.hibernate.orm.deprecation            : HHH90000026: MySQL8Dialect has been deprecated; use org.hibernate.dialect.MySQLDialect instead
2025-04-10T16:18:05.480+08:00  INFO 35212 --- [notification-service] [           main] org.hibernate.orm.connections.pooling    : HHH10001005: Database info:
	Database JDBC URL [Connecting through datasource 'HikariDataSource (HikariPool-1)']
	Database driver: undefined/unknown
	Database version: 8.0
	Autocommit mode: undefined/unknown
	Isolation level: undefined/unknown
	Minimum pool size: undefined/unknown
	Maximum pool size: undefined/unknown
2025-04-10T16:18:06.061+08:00  INFO 35212 --- [notification-service] [           main] o.h.e.t.j.p.i.JtaPlatformInitiator       : HHH000489: No JTA platform available (set 'hibernate.transaction.jta.platform' to enable JTA platform integration)
Hibernate: create table notifications (notification_id varchar(255) not null, client_id varchar(255), content varchar(255), create_at datetime(6), `read` bit, type varchar(255), primary key (notification_id)) engine=InnoDB
2025-04-10T16:18:06.119+08:00  INFO 35212 --- [notification-service] [           main] j.LocalContainerEntityManagerFactoryBean : Initialized JPA EntityManagerFactory for persistence unit 'default'
2025-04-10T16:18:06.713+08:00  WARN 35212 --- [notification-service] [           main] JpaBaseConfiguration$JpaWebConfiguration : spring.jpa.open-in-view is enabled by default. Therefore, database queries may be performed during view rendering. Explicitly configure spring.jpa.open-in-view to disable this warning
2025-04-10T16:18:07.649+08:00  INFO 35212 --- [notification-service] [           main] o.s.c.s.m.DirectWithAttributesChannel    : Channel 'notification-service.springCloudBusInput' has 1 subscriber(s).
2025-04-10T16:18:07.758+08:00  INFO 35212 --- [notification-service] [           main] o.s.i.endpoint.EventDrivenConsumer       : Adding {logging-channel-adapter:_org.springframework.integration.errorLogger} as a subscriber to the 'errorChannel' channel
2025-04-10T16:18:07.758+08:00  INFO 35212 --- [notification-service] [           main] o.s.i.channel.PublishSubscribeChannel    : Channel 'notification-service.errorChannel' has 1 subscriber(s).
2025-04-10T16:18:07.758+08:00  INFO 35212 --- [notification-service] [           main] o.s.i.endpoint.EventDrivenConsumer       : started bean '_org.springframework.integration.errorLogger'
2025-04-10T16:18:07.759+08:00  INFO 35212 --- [notification-service] [           main] o.s.m.s.b.SimpleBrokerMessageHandler     : Starting...
2025-04-10T16:18:07.759+08:00  INFO 35212 --- [notification-service] [           main] o.s.m.s.b.SimpleBrokerMessageHandler     : BrokerAvailabilityEvent[available=true, SimpleBrokerMessageHandler [org.springframework.messaging.simp.broker.DefaultSubscriptionRegistry@7a5b561b]]
2025-04-10T16:18:07.760+08:00  INFO 35212 --- [notification-service] [           main] o.s.m.s.b.SimpleBrokerMessageHandler     : Started.
2025-04-10T16:18:07.761+08:00  INFO 35212 --- [notification-service] [           main] o.s.c.s.binder.DefaultBinderFactory      : Creating binder: kafka
2025-04-10T16:18:07.761+08:00  INFO 35212 --- [notification-service] [           main] o.s.c.s.binder.DefaultBinderFactory      : Constructing binder child context for kafka
2025-04-10T16:18:07.838+08:00  INFO 35212 --- [notification-service] [           main] o.s.c.s.binder.DefaultBinderFactory      : Caching the binder: kafka
2025-04-10T16:18:07.849+08:00  INFO 35212 --- [notification-service] [           main] o.a.k.clients.admin.AdminClientConfig    : AdminClientConfig values: 
	auto.include.jmx.reporter = true
	bootstrap.controllers = []
	bootstrap.servers = [localhost:9092]
	client.dns.lookup = use_all_dns_ips
	client.id = 
	connections.max.idle.ms = 300000
	default.api.timeout.ms = 60000
	enable.metrics.push = true
	metadata.max.age.ms = 300000
	metadata.recovery.strategy = none
	metric.reporters = []
	metrics.num.samples = 2
	metrics.recording.level = INFO
	metrics.sample.window.ms = 30000
	receive.buffer.bytes = 65536
	reconnect.backoff.max.ms = 1000
	reconnect.backoff.ms = 50
	request.timeout.ms = 30000
	retries = 2147483647
	retry.backoff.max.ms = 1000
	retry.backoff.ms = 100
	sasl.client.callback.handler.class = null
	sasl.jaas.config = null
	sasl.kerberos.kinit.cmd = /usr/bin/kinit
	sasl.kerberos.min.time.before.relogin = 60000
	sasl.kerberos.service.name = null
	sasl.kerberos.ticket.renew.jitter = 0.05
	sasl.kerberos.ticket.renew.window.factor = 0.8
	sasl.login.callback.handler.class = null
	sasl.login.class = null
	sasl.login.connect.timeout.ms = null
	sasl.login.read.timeout.ms = null
	sasl.login.refresh.buffer.seconds = 300
	sasl.login.refresh.min.period.seconds = 60
	sasl.login.refresh.window.factor = 0.8
	sasl.login.refresh.window.jitter = 0.05
	sasl.login.retry.backoff.max.ms = 10000
	sasl.login.retry.backoff.ms = 100
	sasl.mechanism = GSSAPI
	sasl.oauthbearer.clock.skew.seconds = 30
	sasl.oauthbearer.expected.audience = null
	sasl.oauthbearer.expected.issuer = null
	sasl.oauthbearer.jwks.endpoint.refresh.ms = 3600000
	sasl.oauthbearer.jwks.endpoint.retry.backoff.max.ms = 10000
	sasl.oauthbearer.jwks.endpoint.retry.backoff.ms = 100
	sasl.oauthbearer.jwks.endpoint.url = null
	sasl.oauthbearer.scope.claim.name = scope
	sasl.oauthbearer.sub.claim.name = sub
	sasl.oauthbearer.token.endpoint.url = null
	security.protocol = PLAINTEXT
	security.providers = null
	send.buffer.bytes = 131072
	socket.connection.setup.timeout.max.ms = 30000
	socket.connection.setup.timeout.ms = 10000
	ssl.cipher.suites = null
	ssl.enabled.protocols = [TLSv1.2, TLSv1.3]
	ssl.endpoint.identification.algorithm = https
	ssl.engine.factory.class = null
	ssl.key.password = null
	ssl.keymanager.algorithm = SunX509
	ssl.keystore.certificate.chain = null
	ssl.keystore.key = null
	ssl.keystore.location = null
	ssl.keystore.password = null
	ssl.keystore.type = JKS
	ssl.protocol = TLSv1.3
	ssl.provider = null
	ssl.secure.random.implementation = null
	ssl.trustmanager.algorithm = PKIX
	ssl.truststore.certificates = null
	ssl.truststore.location = null
	ssl.truststore.password = null
	ssl.truststore.type = JKS

2025-04-10T16:18:07.969+08:00  INFO 35212 --- [notification-service] [           main] o.a.kafka.common.utils.AppInfoParser     : Kafka version: 3.8.1
2025-04-10T16:18:07.969+08:00  INFO 35212 --- [notification-service] [           main] o.a.kafka.common.utils.AppInfoParser     : Kafka commitId: 70d6ff42debf7e17
2025-04-10T16:18:07.969+08:00  INFO 35212 --- [notification-service] [           main] o.a.kafka.common.utils.AppInfoParser     : Kafka startTimeMs: 1744273087968
2025-04-10T16:18:08.204+08:00  WARN 35212 --- [notification-service] [| adminclient-1] o.a.k.clients.admin.KafkaAdminClient     : [AdminClient clientId=adminclient-1] The DescribeTopicPartitions API is not supported, using Metadata API to describe topics.
2025-04-10T16:18:08.209+08:00  WARN 35212 --- [notification-service] [| adminclient-1] o.a.k.clients.admin.KafkaAdminClient     : [AdminClient clientId=adminclient-1] The DescribeTopicPartitions API is not supported, using Metadata API to describe topics.
2025-04-10T16:18:08.210+08:00  INFO 35212 --- [notification-service] [| adminclient-1] o.a.kafka.common.utils.AppInfoParser     : App info kafka.admin.client for adminclient-1 unregistered
2025-04-10T16:18:08.212+08:00  INFO 35212 --- [notification-service] [| adminclient-1] o.apache.kafka.common.metrics.Metrics    : Metrics scheduler closed
2025-04-10T16:18:08.212+08:00  INFO 35212 --- [notification-service] [| adminclient-1] o.apache.kafka.common.metrics.Metrics    : Closing reporter org.apache.kafka.common.metrics.JmxReporter
2025-04-10T16:18:08.213+08:00  INFO 35212 --- [notification-service] [| adminclient-1] o.apache.kafka.common.metrics.Metrics    : Metrics reporters closed
2025-04-10T16:18:08.215+08:00  WARN 35212 --- [notification-service] [           main] b.k.p.KafkaBinderConfigurationProperties : Ignoring provided value(s) for 'group.id'. Use spring.cloud.stream.default.group or spring.cloud.stream.binding.<name>.group to specify the group instead of group.id
2025-04-10T16:18:08.221+08:00  INFO 35212 --- [notification-service] [           main] o.a.k.clients.consumer.ConsumerConfig    : ConsumerConfig values: 
	allow.auto.create.topics = true
	auto.commit.interval.ms = 100
	auto.include.jmx.reporter = true
	auto.offset.reset = earliest
	bootstrap.servers = [localhost:9092]
	check.crcs = true
	client.dns.lookup = use_all_dns_ips
	client.id = consumer-anonymous.80ebf885-f456-4dde-9b78-2a7cd51f5af1-1
	client.rack = 
	connections.max.idle.ms = 540000
	default.api.timeout.ms = 60000
	enable.auto.commit = false
	enable.metrics.push = true
	exclude.internal.topics = true
	fetch.max.bytes = 52428800
	fetch.max.wait.ms = 500
	fetch.min.bytes = 1
	group.id = anonymous.80ebf885-f456-4dde-9b78-2a7cd51f5af1
	group.instance.id = null
	group.protocol = classic
	group.remote.assignor = null
	heartbeat.interval.ms = 3000
	interceptor.classes = []
	internal.leave.group.on.close = true
	internal.throw.on.fetch.stable.offset.unsupported = false
	isolation.level = read_uncommitted
	key.deserializer = class org.apache.kafka.common.serialization.StringDeserializer
	max.partition.fetch.bytes = 1048576
	max.poll.interval.ms = 300000
	max.poll.records = 500
	metadata.max.age.ms = 300000
	metadata.recovery.strategy = none
	metric.reporters = []
	metrics.num.samples = 2
	metrics.recording.level = INFO
	metrics.sample.window.ms = 30000
	partition.assignment.strategy = [class org.apache.kafka.clients.consumer.RangeAssignor, class org.apache.kafka.clients.consumer.CooperativeStickyAssignor]
	receive.buffer.bytes = 65536
	reconnect.backoff.max.ms = 1000
	reconnect.backoff.ms = 50
	request.timeout.ms = 30000
	retry.backoff.max.ms = 1000
	retry.backoff.ms = 100
	sasl.client.callback.handler.class = null
	sasl.jaas.config = null
	sasl.kerberos.kinit.cmd = /usr/bin/kinit
	sasl.kerberos.min.time.before.relogin = 60000
	sasl.kerberos.service.name = null
	sasl.kerberos.ticket.renew.jitter = 0.05
	sasl.kerberos.ticket.renew.window.factor = 0.8
	sasl.login.callback.handler.class = null
	sasl.login.class = null
	sasl.login.connect.timeout.ms = null
	sasl.login.read.timeout.ms = null
	sasl.login.refresh.buffer.seconds = 300
	sasl.login.refresh.min.period.seconds = 60
	sasl.login.refresh.window.factor = 0.8
	sasl.login.refresh.window.jitter = 0.05
	sasl.login.retry.backoff.max.ms = 10000
	sasl.login.retry.backoff.ms = 100
	sasl.mechanism = GSSAPI
	sasl.oauthbearer.clock.skew.seconds = 30
	sasl.oauthbearer.expected.audience = null
	sasl.oauthbearer.expected.issuer = null
	sasl.oauthbearer.jwks.endpoint.refresh.ms = 3600000
	sasl.oauthbearer.jwks.endpoint.retry.backoff.max.ms = 10000
	sasl.oauthbearer.jwks.endpoint.retry.backoff.ms = 100
	sasl.oauthbearer.jwks.endpoint.url = null
	sasl.oauthbearer.scope.claim.name = scope
	sasl.oauthbearer.sub.claim.name = sub
	sasl.oauthbearer.token.endpoint.url = null
	security.protocol = PLAINTEXT
	security.providers = null
	send.buffer.bytes = 131072
	session.timeout.ms = 45000
	socket.connection.setup.timeout.max.ms = 30000
	socket.connection.setup.timeout.ms = 10000
	ssl.cipher.suites = null
	ssl.enabled.protocols = [TLSv1.2, TLSv1.3]
	ssl.endpoint.identification.algorithm = https
	ssl.engine.factory.class = null
	ssl.key.password = null
	ssl.keymanager.algorithm = SunX509
	ssl.keystore.certificate.chain = null
	ssl.keystore.key = null
	ssl.keystore.location = null
	ssl.keystore.password = null
	ssl.keystore.type = JKS
	ssl.protocol = TLSv1.3
	ssl.provider = null
	ssl.secure.random.implementation = null
	ssl.trustmanager.algorithm = PKIX
	ssl.truststore.certificates = null
	ssl.truststore.location = null
	ssl.truststore.password = null
	ssl.truststore.type = JKS
	value.deserializer = class org.apache.kafka.common.serialization.StringDeserializer

2025-04-10T16:18:08.246+08:00  INFO 35212 --- [notification-service] [           main] o.a.k.c.t.i.KafkaMetricsCollector        : initializing Kafka metrics collector
2025-04-10T16:18:08.281+08:00  INFO 35212 --- [notification-service] [           main] o.a.kafka.common.utils.AppInfoParser     : Kafka version: 3.8.1
2025-04-10T16:18:08.282+08:00  INFO 35212 --- [notification-service] [           main] o.a.kafka.common.utils.AppInfoParser     : Kafka commitId: 70d6ff42debf7e17
2025-04-10T16:18:08.282+08:00  INFO 35212 --- [notification-service] [           main] o.a.kafka.common.utils.AppInfoParser     : Kafka startTimeMs: 1744273088281
2025-04-10T16:18:08.288+08:00  INFO 35212 --- [notification-service] [           main] org.apache.kafka.clients.Metadata        : [Consumer clientId=consumer-anonymous.80ebf885-f456-4dde-9b78-2a7cd51f5af1-1, groupId=anonymous.80ebf885-f456-4dde-9b78-2a7cd51f5af1] Cluster ID: lZSf4d7LSwyTn1BV_Q6Bmw
2025-04-10T16:18:08.289+08:00  INFO 35212 --- [notification-service] [           main] o.a.k.c.c.internals.ConsumerCoordinator  : [Consumer clientId=consumer-anonymous.80ebf885-f456-4dde-9b78-2a7cd51f5af1-1, groupId=anonymous.80ebf885-f456-4dde-9b78-2a7cd51f5af1] Resetting generation and member id due to: consumer pro-actively leaving the group
2025-04-10T16:18:08.289+08:00  INFO 35212 --- [notification-service] [           main] o.a.k.c.c.internals.ConsumerCoordinator  : [Consumer clientId=consumer-anonymous.80ebf885-f456-4dde-9b78-2a7cd51f5af1-1, groupId=anonymous.80ebf885-f456-4dde-9b78-2a7cd51f5af1] Request joining group due to: consumer pro-actively leaving the group
2025-04-10T16:18:08.292+08:00  INFO 35212 --- [notification-service] [           main] o.apache.kafka.common.metrics.Metrics    : Metrics scheduler closed
2025-04-10T16:18:08.292+08:00  INFO 35212 --- [notification-service] [           main] o.apache.kafka.common.metrics.Metrics    : Closing reporter org.apache.kafka.common.metrics.JmxReporter
2025-04-10T16:18:08.292+08:00  INFO 35212 --- [notification-service] [           main] o.apache.kafka.common.metrics.Metrics    : Closing reporter org.apache.kafka.common.telemetry.internals.ClientTelemetryReporter
2025-04-10T16:18:08.292+08:00  INFO 35212 --- [notification-service] [           main] o.apache.kafka.common.metrics.Metrics    : Metrics reporters closed
2025-04-10T16:18:08.294+08:00  INFO 35212 --- [notification-service] [           main] o.a.kafka.common.utils.AppInfoParser     : App info kafka.consumer for consumer-anonymous.80ebf885-f456-4dde-9b78-2a7cd51f5af1-1 unregistered
2025-04-10T16:18:08.303+08:00  INFO 35212 --- [notification-service] [           main] o.s.c.stream.binder.BinderErrorChannel   : Channel 'kafka-744809168.springCloudBusInput.errors' has 1 subscriber(s).
2025-04-10T16:18:08.304+08:00  INFO 35212 --- [notification-service] [           main] o.s.c.stream.binder.BinderErrorChannel   : Channel 'kafka-744809168.springCloudBusInput.errors' has 0 subscriber(s).
2025-04-10T16:18:08.304+08:00  INFO 35212 --- [notification-service] [           main] o.s.c.stream.binder.BinderErrorChannel   : Channel 'kafka-744809168.springCloudBusInput.errors' has 1 subscriber(s).
2025-04-10T16:18:08.304+08:00  INFO 35212 --- [notification-service] [           main] o.s.c.stream.binder.BinderErrorChannel   : Channel 'kafka-744809168.springCloudBusInput.errors' has 2 subscriber(s).
2025-04-10T16:18:08.319+08:00  INFO 35212 --- [notification-service] [           main] o.a.k.clients.consumer.ConsumerConfig    : ConsumerConfig values: 
	allow.auto.create.topics = true
	auto.commit.interval.ms = 100
	auto.include.jmx.reporter = true
	auto.offset.reset = earliest
	bootstrap.servers = [localhost:9092]
	check.crcs = true
	client.dns.lookup = use_all_dns_ips
	client.id = consumer-anonymous.80ebf885-f456-4dde-9b78-2a7cd51f5af1-2
	client.rack = 
	connections.max.idle.ms = 540000
	default.api.timeout.ms = 60000
	enable.auto.commit = false
	enable.metrics.push = true
	exclude.internal.topics = true
	fetch.max.bytes = 52428800
	fetch.max.wait.ms = 500
	fetch.min.bytes = 1
	group.id = anonymous.80ebf885-f456-4dde-9b78-2a7cd51f5af1
	group.instance.id = null
	group.protocol = classic
	group.remote.assignor = null
	heartbeat.interval.ms = 3000
	interceptor.classes = []
	internal.leave.group.on.close = true
	internal.throw.on.fetch.stable.offset.unsupported = false
	isolation.level = read_uncommitted
	key.deserializer = class org.apache.kafka.common.serialization.StringDeserializer
	max.partition.fetch.bytes = 1048576
	max.poll.interval.ms = 300000
	max.poll.records = 500
	metadata.max.age.ms = 300000
	metadata.recovery.strategy = none
	metric.reporters = []
	metrics.num.samples = 2
	metrics.recording.level = INFO
	metrics.sample.window.ms = 30000
	partition.assignment.strategy = [class org.apache.kafka.clients.consumer.RangeAssignor, class org.apache.kafka.clients.consumer.CooperativeStickyAssignor]
	receive.buffer.bytes = 65536
	reconnect.backoff.max.ms = 1000
	reconnect.backoff.ms = 50
	request.timeout.ms = 30000
	retry.backoff.max.ms = 1000
	retry.backoff.ms = 100
	sasl.client.callback.handler.class = null
	sasl.jaas.config = null
	sasl.kerberos.kinit.cmd = /usr/bin/kinit
	sasl.kerberos.min.time.before.relogin = 60000
	sasl.kerberos.service.name = null
	sasl.kerberos.ticket.renew.jitter = 0.05
	sasl.kerberos.ticket.renew.window.factor = 0.8
	sasl.login.callback.handler.class = null
	sasl.login.class = null
	sasl.login.connect.timeout.ms = null
	sasl.login.read.timeout.ms = null
	sasl.login.refresh.buffer.seconds = 300
	sasl.login.refresh.min.period.seconds = 60
	sasl.login.refresh.window.factor = 0.8
	sasl.login.refresh.window.jitter = 0.05
	sasl.login.retry.backoff.max.ms = 10000
	sasl.login.retry.backoff.ms = 100
	sasl.mechanism = GSSAPI
	sasl.oauthbearer.clock.skew.seconds = 30
	sasl.oauthbearer.expected.audience = null
	sasl.oauthbearer.expected.issuer = null
	sasl.oauthbearer.jwks.endpoint.refresh.ms = 3600000
	sasl.oauthbearer.jwks.endpoint.retry.backoff.max.ms = 10000
	sasl.oauthbearer.jwks.endpoint.retry.backoff.ms = 100
	sasl.oauthbearer.jwks.endpoint.url = null
	sasl.oauthbearer.scope.claim.name = scope
	sasl.oauthbearer.sub.claim.name = sub
	sasl.oauthbearer.token.endpoint.url = null
	security.protocol = PLAINTEXT
	security.providers = null
	send.buffer.bytes = 131072
	session.timeout.ms = 45000
	socket.connection.setup.timeout.max.ms = 30000
	socket.connection.setup.timeout.ms = 10000
	ssl.cipher.suites = null
	ssl.enabled.protocols = [TLSv1.2, TLSv1.3]
	ssl.endpoint.identification.algorithm = https
	ssl.engine.factory.class = null
	ssl.key.password = null
	ssl.keymanager.algorithm = SunX509
	ssl.keystore.certificate.chain = null
	ssl.keystore.key = null
	ssl.keystore.location = null
	ssl.keystore.password = null
	ssl.keystore.type = JKS
	ssl.protocol = TLSv1.3
	ssl.provider = null
	ssl.secure.random.implementation = null
	ssl.trustmanager.algorithm = PKIX
	ssl.truststore.certificates = null
	ssl.truststore.location = null
	ssl.truststore.password = null
	ssl.truststore.type = JKS
	value.deserializer = class org.apache.kafka.common.serialization.StringDeserializer

2025-04-10T16:18:08.320+08:00  INFO 35212 --- [notification-service] [           main] o.a.k.c.t.i.KafkaMetricsCollector        : initializing Kafka metrics collector
2025-04-10T16:18:08.324+08:00  INFO 35212 --- [notification-service] [           main] o.a.kafka.common.utils.AppInfoParser     : Kafka version: 3.8.1
2025-04-10T16:18:08.324+08:00  INFO 35212 --- [notification-service] [           main] o.a.kafka.common.utils.AppInfoParser     : Kafka commitId: 70d6ff42debf7e17
2025-04-10T16:18:08.324+08:00  INFO 35212 --- [notification-service] [           main] o.a.kafka.common.utils.AppInfoParser     : Kafka startTimeMs: 1744273088324
2025-04-10T16:18:08.325+08:00  INFO 35212 --- [notification-service] [           main] o.a.k.c.c.internals.LegacyKafkaConsumer  : [Consumer clientId=consumer-anonymous.80ebf885-f456-4dde-9b78-2a7cd51f5af1-2, groupId=anonymous.80ebf885-f456-4dde-9b78-2a7cd51f5af1] Subscribed to topic(s): springCloudBus
2025-04-10T16:18:08.328+08:00  INFO 35212 --- [notification-service] [           main] s.i.k.i.KafkaMessageDrivenChannelAdapter : started org.springframework.integration.kafka.inbound.KafkaMessageDrivenChannelAdapter@62a193e0
2025-04-10T16:18:08.331+08:00  INFO 35212 --- [notification-service] [           main] o.a.k.clients.consumer.ConsumerConfig    : ConsumerConfig values: 
	allow.auto.create.topics = true
	auto.commit.interval.ms = 5000
	auto.include.jmx.reporter = true
	auto.offset.reset = latest
	bootstrap.servers = [localhost:9092]
	check.crcs = true
	client.dns.lookup = use_all_dns_ips
	client.id = consumer-notification-group-3
	client.rack = 
	connections.max.idle.ms = 540000
	default.api.timeout.ms = 60000
	enable.auto.commit = false
	enable.metrics.push = true
	exclude.internal.topics = true
	fetch.max.bytes = 52428800
	fetch.max.wait.ms = 500
	fetch.min.bytes = 1
	group.id = notification-group
	group.instance.id = null
	group.protocol = classic
	group.remote.assignor = null
	heartbeat.interval.ms = 3000
	interceptor.classes = []
	internal.leave.group.on.close = true
	internal.throw.on.fetch.stable.offset.unsupported = false
	isolation.level = read_uncommitted
	key.deserializer = class org.apache.kafka.common.serialization.StringDeserializer
	max.partition.fetch.bytes = 1048576
	max.poll.interval.ms = 300000
	max.poll.records = 500
	metadata.max.age.ms = 300000
	metadata.recovery.strategy = none
	metric.reporters = []
	metrics.num.samples = 2
	metrics.recording.level = INFO
	metrics.sample.window.ms = 30000
	partition.assignment.strategy = [class org.apache.kafka.clients.consumer.RangeAssignor, class org.apache.kafka.clients.consumer.CooperativeStickyAssignor]
	receive.buffer.bytes = 65536
	reconnect.backoff.max.ms = 1000
	reconnect.backoff.ms = 50
	request.timeout.ms = 30000
	retry.backoff.max.ms = 1000
	retry.backoff.ms = 100
	sasl.client.callback.handler.class = null
	sasl.jaas.config = null
	sasl.kerberos.kinit.cmd = /usr/bin/kinit
	sasl.kerberos.min.time.before.relogin = 60000
	sasl.kerberos.service.name = null
	sasl.kerberos.ticket.renew.jitter = 0.05
	sasl.kerberos.ticket.renew.window.factor = 0.8
	sasl.login.callback.handler.class = null
	sasl.login.class = null
	sasl.login.connect.timeout.ms = null
	sasl.login.read.timeout.ms = null
	sasl.login.refresh.buffer.seconds = 300
	sasl.login.refresh.min.period.seconds = 60
	sasl.login.refresh.window.factor = 0.8
	sasl.login.refresh.window.jitter = 0.05
	sasl.login.retry.backoff.max.ms = 10000
	sasl.login.retry.backoff.ms = 100
	sasl.mechanism = GSSAPI
	sasl.oauthbearer.clock.skew.seconds = 30
	sasl.oauthbearer.expected.audience = null
	sasl.oauthbearer.expected.issuer = null
	sasl.oauthbearer.jwks.endpoint.refresh.ms = 3600000
	sasl.oauthbearer.jwks.endpoint.retry.backoff.max.ms = 10000
	sasl.oauthbearer.jwks.endpoint.retry.backoff.ms = 100
	sasl.oauthbearer.jwks.endpoint.url = null
	sasl.oauthbearer.scope.claim.name = scope
	sasl.oauthbearer.sub.claim.name = sub
	sasl.oauthbearer.token.endpoint.url = null
	security.protocol = PLAINTEXT
	security.providers = null
	send.buffer.bytes = 131072
	session.timeout.ms = 45000
	socket.connection.setup.timeout.max.ms = 30000
	socket.connection.setup.timeout.ms = 10000
	ssl.cipher.suites = null
	ssl.enabled.protocols = [TLSv1.2, TLSv1.3]
	ssl.endpoint.identification.algorithm = https
	ssl.engine.factory.class = null
	ssl.key.password = null
	ssl.keymanager.algorithm = SunX509
	ssl.keystore.certificate.chain = null
	ssl.keystore.key = null
	ssl.keystore.location = null
	ssl.keystore.password = null
	ssl.keystore.type = JKS
	ssl.protocol = TLSv1.3
	ssl.provider = null
	ssl.secure.random.implementation = null
	ssl.trustmanager.algorithm = PKIX
	ssl.truststore.certificates = null
	ssl.truststore.location = null
	ssl.truststore.password = null
	ssl.truststore.type = JKS
	value.deserializer = class org.apache.kafka.common.serialization.StringDeserializer

2025-04-10T16:18:08.331+08:00  INFO 35212 --- [notification-service] [           main] o.a.k.c.t.i.KafkaMetricsCollector        : initializing Kafka metrics collector
2025-04-10T16:18:08.335+08:00  INFO 35212 --- [notification-service] [container-0-C-1] org.apache.kafka.clients.Metadata        : [Consumer clientId=consumer-anonymous.80ebf885-f456-4dde-9b78-2a7cd51f5af1-2, groupId=anonymous.80ebf885-f456-4dde-9b78-2a7cd51f5af1] Cluster ID: lZSf4d7LSwyTn1BV_Q6Bmw
2025-04-10T16:18:08.335+08:00  INFO 35212 --- [notification-service] [           main] o.a.kafka.common.utils.AppInfoParser     : Kafka version: 3.8.1
2025-04-10T16:18:08.335+08:00  INFO 35212 --- [notification-service] [           main] o.a.kafka.common.utils.AppInfoParser     : Kafka commitId: 70d6ff42debf7e17
2025-04-10T16:18:08.335+08:00  INFO 35212 --- [notification-service] [           main] o.a.kafka.common.utils.AppInfoParser     : Kafka startTimeMs: 1744273088335
2025-04-10T16:18:08.335+08:00  INFO 35212 --- [notification-service] [container-0-C-1] o.a.k.c.c.internals.ConsumerCoordinator  : [Consumer clientId=consumer-anonymous.80ebf885-f456-4dde-9b78-2a7cd51f5af1-2, groupId=anonymous.80ebf885-f456-4dde-9b78-2a7cd51f5af1] Discovered group coordinator DESKTOP-C0ELBRH:9092 (id: 2147483647 rack: null)
2025-04-10T16:18:08.335+08:00  INFO 35212 --- [notification-service] [           main] o.a.k.c.c.internals.LegacyKafkaConsumer  : [Consumer clientId=consumer-notification-group-3, groupId=notification-group] Subscribed to topic(s): approval-notifications
2025-04-10T16:18:08.337+08:00  INFO 35212 --- [notification-service] [           main] o.a.k.clients.consumer.ConsumerConfig    : ConsumerConfig values: 
	allow.auto.create.topics = true
	auto.commit.interval.ms = 5000
	auto.include.jmx.reporter = true
	auto.offset.reset = latest
	bootstrap.servers = [localhost:9092]
	check.crcs = true
	client.dns.lookup = use_all_dns_ips
	client.id = consumer-notification-group-4
	client.rack = 
	connections.max.idle.ms = 540000
	default.api.timeout.ms = 60000
	enable.auto.commit = false
	enable.metrics.push = true
	exclude.internal.topics = true
	fetch.max.bytes = 52428800
	fetch.max.wait.ms = 500
	fetch.min.bytes = 1
	group.id = notification-group
	group.instance.id = null
	group.protocol = classic
	group.remote.assignor = null
	heartbeat.interval.ms = 3000
	interceptor.classes = []
	internal.leave.group.on.close = true
	internal.throw.on.fetch.stable.offset.unsupported = false
	isolation.level = read_uncommitted
	key.deserializer = class org.apache.kafka.common.serialization.StringDeserializer
	max.partition.fetch.bytes = 1048576
	max.poll.interval.ms = 300000
	max.poll.records = 500
	metadata.max.age.ms = 300000
	metadata.recovery.strategy = none
	metric.reporters = []
	metrics.num.samples = 2
	metrics.recording.level = INFO
	metrics.sample.window.ms = 30000
	partition.assignment.strategy = [class org.apache.kafka.clients.consumer.RangeAssignor, class org.apache.kafka.clients.consumer.CooperativeStickyAssignor]
	receive.buffer.bytes = 65536
	reconnect.backoff.max.ms = 1000
	reconnect.backoff.ms = 50
	request.timeout.ms = 30000
	retry.backoff.max.ms = 1000
	retry.backoff.ms = 100
	sasl.client.callback.handler.class = null
	sasl.jaas.config = null
	sasl.kerberos.kinit.cmd = /usr/bin/kinit
	sasl.kerberos.min.time.before.relogin = 60000
	sasl.kerberos.service.name = null
	sasl.kerberos.ticket.renew.jitter = 0.05
	sasl.kerberos.ticket.renew.window.factor = 0.8
	sasl.login.callback.handler.class = null
	sasl.login.class = null
	sasl.login.connect.timeout.ms = null
	sasl.login.read.timeout.ms = null
	sasl.login.refresh.buffer.seconds = 300
	sasl.login.refresh.min.period.seconds = 60
	sasl.login.refresh.window.factor = 0.8
	sasl.login.refresh.window.jitter = 0.05
	sasl.login.retry.backoff.max.ms = 10000
	sasl.login.retry.backoff.ms = 100
	sasl.mechanism = GSSAPI
	sasl.oauthbearer.clock.skew.seconds = 30
	sasl.oauthbearer.expected.audience = null
	sasl.oauthbearer.expected.issuer = null
	sasl.oauthbearer.jwks.endpoint.refresh.ms = 3600000
	sasl.oauthbearer.jwks.endpoint.retry.backoff.max.ms = 10000
	sasl.oauthbearer.jwks.endpoint.retry.backoff.ms = 100
	sasl.oauthbearer.jwks.endpoint.url = null
	sasl.oauthbearer.scope.claim.name = scope
	sasl.oauthbearer.sub.claim.name = sub
	sasl.oauthbearer.token.endpoint.url = null
	security.protocol = PLAINTEXT
	security.providers = null
	send.buffer.bytes = 131072
	session.timeout.ms = 45000
	socket.connection.setup.timeout.max.ms = 30000
	socket.connection.setup.timeout.ms = 10000
	ssl.cipher.suites = null
	ssl.enabled.protocols = [TLSv1.2, TLSv1.3]
	ssl.endpoint.identification.algorithm = https
	ssl.engine.factory.class = null
	ssl.key.password = null
	ssl.keymanager.algorithm = SunX509
	ssl.keystore.certificate.chain = null
	ssl.keystore.key = null
	ssl.keystore.location = null
	ssl.keystore.password = null
	ssl.keystore.type = JKS
	ssl.protocol = TLSv1.3
	ssl.provider = null
	ssl.secure.random.implementation = null
	ssl.trustmanager.algorithm = PKIX
	ssl.truststore.certificates = null
	ssl.truststore.location = null
	ssl.truststore.password = null
	ssl.truststore.type = JKS
	value.deserializer = class org.apache.kafka.common.serialization.StringDeserializer

2025-04-10T16:18:08.337+08:00  INFO 35212 --- [notification-service] [           main] o.a.k.c.t.i.KafkaMetricsCollector        : initializing Kafka metrics collector
2025-04-10T16:18:08.338+08:00  INFO 35212 --- [notification-service] [container-0-C-1] o.a.k.c.c.internals.ConsumerCoordinator  : [Consumer clientId=consumer-anonymous.80ebf885-f456-4dde-9b78-2a7cd51f5af1-2, groupId=anonymous.80ebf885-f456-4dde-9b78-2a7cd51f5af1] (Re-)joining group
2025-04-10T16:18:08.340+08:00  INFO 35212 --- [notification-service] [ntainer#0-0-C-1] org.apache.kafka.clients.Metadata        : [Consumer clientId=consumer-notification-group-3, groupId=notification-group] Cluster ID: lZSf4d7LSwyTn1BV_Q6Bmw
2025-04-10T16:18:08.340+08:00  INFO 35212 --- [notification-service] [ntainer#0-0-C-1] o.a.k.c.c.internals.ConsumerCoordinator  : [Consumer clientId=consumer-notification-group-3, groupId=notification-group] Discovered group coordinator DESKTOP-C0ELBRH:9092 (id: 2147483647 rack: null)
2025-04-10T16:18:08.341+08:00  INFO 35212 --- [notification-service] [ntainer#0-0-C-1] o.a.k.c.c.internals.ConsumerCoordinator  : [Consumer clientId=consumer-notification-group-3, groupId=notification-group] (Re-)joining group
2025-04-10T16:18:08.342+08:00  INFO 35212 --- [notification-service] [           main] o.a.kafka.common.utils.AppInfoParser     : Kafka version: 3.8.1
2025-04-10T16:18:08.342+08:00  INFO 35212 --- [notification-service] [           main] o.a.kafka.common.utils.AppInfoParser     : Kafka commitId: 70d6ff42debf7e17
2025-04-10T16:18:08.342+08:00  INFO 35212 --- [notification-service] [           main] o.a.kafka.common.utils.AppInfoParser     : Kafka startTimeMs: 1744273088342
2025-04-10T16:18:08.342+08:00  INFO 35212 --- [notification-service] [           main] o.a.k.c.c.internals.LegacyKafkaConsumer  : [Consumer clientId=consumer-notification-group-4, groupId=notification-group] Subscribed to topic(s): trade-notifications
2025-04-10T16:18:08.346+08:00  INFO 35212 --- [notification-service] [ntainer#1-0-C-1] org.apache.kafka.clients.Metadata        : [Consumer clientId=consumer-notification-group-4, groupId=notification-group] Cluster ID: lZSf4d7LSwyTn1BV_Q6Bmw
2025-04-10T16:18:08.346+08:00  INFO 35212 --- [notification-service] [ntainer#1-0-C-1] o.a.k.c.c.internals.ConsumerCoordinator  : [Consumer clientId=consumer-notification-group-4, groupId=notification-group] Discovered group coordinator DESKTOP-C0ELBRH:9092 (id: 2147483647 rack: null)
2025-04-10T16:18:08.347+08:00  INFO 35212 --- [notification-service] [ntainer#1-0-C-1] o.a.k.c.c.internals.ConsumerCoordinator  : [Consumer clientId=consumer-notification-group-4, groupId=notification-group] (Re-)joining group
2025-04-10T16:18:08.357+08:00  INFO 35212 --- [notification-service] [ntainer#1-0-C-1] o.a.k.c.c.internals.ConsumerCoordinator  : [Consumer clientId=consumer-notification-group-4, groupId=notification-group] Request joining group due to: need to re-join with the given member-id: consumer-notification-group-4-bfa0a88b-c802-44bd-8a82-55acc8b1879b
2025-04-10T16:18:08.357+08:00  INFO 35212 --- [notification-service] [container-0-C-1] o.a.k.c.c.internals.ConsumerCoordinator  : [Consumer clientId=consumer-anonymous.80ebf885-f456-4dde-9b78-2a7cd51f5af1-2, groupId=anonymous.80ebf885-f456-4dde-9b78-2a7cd51f5af1] Request joining group due to: need to re-join with the given member-id: consumer-anonymous.80ebf885-f456-4dde-9b78-2a7cd51f5af1-2-2ba0224e-2573-46b5-917c-97e120f0c5b2
2025-04-10T16:18:08.357+08:00  INFO 35212 --- [notification-service] [container-0-C-1] o.a.k.c.c.internals.ConsumerCoordinator  : [Consumer clientId=consumer-anonymous.80ebf885-f456-4dde-9b78-2a7cd51f5af1-2, groupId=anonymous.80ebf885-f456-4dde-9b78-2a7cd51f5af1] (Re-)joining group
2025-04-10T16:18:08.357+08:00  INFO 35212 --- [notification-service] [ntainer#1-0-C-1] o.a.k.c.c.internals.ConsumerCoordinator  : [Consumer clientId=consumer-notification-group-4, groupId=notification-group] (Re-)joining group
2025-04-10T16:18:08.358+08:00  INFO 35212 --- [notification-service] [ntainer#0-0-C-1] o.a.k.c.c.internals.ConsumerCoordinator  : [Consumer clientId=consumer-notification-group-3, groupId=notification-group] Request joining group due to: need to re-join with the given member-id: consumer-notification-group-3-cde51e16-0463-4725-9201-f5ab7b5c54a3
2025-04-10T16:18:08.359+08:00  INFO 35212 --- [notification-service] [ntainer#0-0-C-1] o.a.k.c.c.internals.ConsumerCoordinator  : [Consumer clientId=consumer-notification-group-3, groupId=notification-group] (Re-)joining group
2025-04-10T16:18:08.362+08:00  INFO 35212 --- [notification-service] [ntainer#1-0-C-1] o.a.k.c.c.internals.ConsumerCoordinator  : [Consumer clientId=consumer-notification-group-4, groupId=notification-group] Successfully joined group with generation Generation{generationId=1, memberId='consumer-notification-group-4-bfa0a88b-c802-44bd-8a82-55acc8b1879b', protocol='range'}
2025-04-10T16:18:08.362+08:00  INFO 35212 --- [notification-service] [ntainer#0-0-C-1] o.a.k.c.c.internals.ConsumerCoordinator  : [Consumer clientId=consumer-notification-group-3, groupId=notification-group] Successfully joined group with generation Generation{generationId=1, memberId='consumer-notification-group-3-cde51e16-0463-4725-9201-f5ab7b5c54a3', protocol='range'}
2025-04-10T16:18:08.363+08:00  INFO 35212 --- [notification-service] [container-0-C-1] o.a.k.c.c.internals.ConsumerCoordinator  : [Consumer clientId=consumer-anonymous.80ebf885-f456-4dde-9b78-2a7cd51f5af1-2, groupId=anonymous.80ebf885-f456-4dde-9b78-2a7cd51f5af1] Successfully joined group with generation Generation{generationId=1, memberId='consumer-anonymous.80ebf885-f456-4dde-9b78-2a7cd51f5af1-2-2ba0224e-2573-46b5-917c-97e120f0c5b2', protocol='range'}
2025-04-10T16:18:08.370+08:00  INFO 35212 --- [notification-service] [container-0-C-1] o.a.k.c.c.internals.ConsumerCoordinator  : [Consumer clientId=consumer-anonymous.80ebf885-f456-4dde-9b78-2a7cd51f5af1-2, groupId=anonymous.80ebf885-f456-4dde-9b78-2a7cd51f5af1] Finished assignment for group at generation 1: {consumer-anonymous.80ebf885-f456-4dde-9b78-2a7cd51f5af1-2-2ba0224e-2573-46b5-917c-97e120f0c5b2=Assignment(partitions=[springCloudBus-0])}
2025-04-10T16:18:08.370+08:00  INFO 35212 --- [notification-service] [ntainer#1-0-C-1] o.a.k.c.c.internals.ConsumerCoordinator  : [Consumer clientId=consumer-notification-group-4, groupId=notification-group] Finished assignment for group at generation 1: {consumer-notification-group-3-cde51e16-0463-4725-9201-f5ab7b5c54a3=Assignment(partitions=[approval-notifications-0]), consumer-notification-group-4-bfa0a88b-c802-44bd-8a82-55acc8b1879b=Assignment(partitions=[trade-notifications-0])}
2025-04-10T16:18:08.373+08:00  INFO 35212 --- [notification-service] [           main] .a.n.NotificationServiceApplicationTests : Started NotificationServiceApplicationTests in 4.989 seconds (process running for 5.788)
2025-04-10T16:18:08.378+08:00  INFO 35212 --- [notification-service] [container-0-C-1] o.a.k.c.c.internals.ConsumerCoordinator  : [Consumer clientId=consumer-anonymous.80ebf885-f456-4dde-9b78-2a7cd51f5af1-2, groupId=anonymous.80ebf885-f456-4dde-9b78-2a7cd51f5af1] Successfully synced group in generation Generation{generationId=1, memberId='consumer-anonymous.80ebf885-f456-4dde-9b78-2a7cd51f5af1-2-2ba0224e-2573-46b5-917c-97e120f0c5b2', protocol='range'}
2025-04-10T16:18:08.378+08:00  INFO 35212 --- [notification-service] [ntainer#1-0-C-1] o.a.k.c.c.internals.ConsumerCoordinator  : [Consumer clientId=consumer-notification-group-4, groupId=notification-group] Successfully synced group in generation Generation{generationId=1, memberId='consumer-notification-group-4-bfa0a88b-c802-44bd-8a82-55acc8b1879b', protocol='range'}
2025-04-10T16:18:08.378+08:00  INFO 35212 --- [notification-service] [ntainer#0-0-C-1] o.a.k.c.c.internals.ConsumerCoordinator  : [Consumer clientId=consumer-notification-group-3, groupId=notification-group] Successfully synced group in generation Generation{generationId=1, memberId='consumer-notification-group-3-cde51e16-0463-4725-9201-f5ab7b5c54a3', protocol='range'}
2025-04-10T16:18:08.378+08:00  INFO 35212 --- [notification-service] [container-0-C-1] o.a.k.c.c.internals.ConsumerCoordinator  : [Consumer clientId=consumer-anonymous.80ebf885-f456-4dde-9b78-2a7cd51f5af1-2, groupId=anonymous.80ebf885-f456-4dde-9b78-2a7cd51f5af1] Notifying assignor about the new Assignment(partitions=[springCloudBus-0])
2025-04-10T16:18:08.378+08:00  INFO 35212 --- [notification-service] [ntainer#1-0-C-1] o.a.k.c.c.internals.ConsumerCoordinator  : [Consumer clientId=consumer-notification-group-4, groupId=notification-group] Notifying assignor about the new Assignment(partitions=[trade-notifications-0])
2025-04-10T16:18:08.379+08:00  INFO 35212 --- [notification-service] [ntainer#0-0-C-1] o.a.k.c.c.internals.ConsumerCoordinator  : [Consumer clientId=consumer-notification-group-3, groupId=notification-group] Notifying assignor about the new Assignment(partitions=[approval-notifications-0])
2025-04-10T16:18:08.381+08:00  INFO 35212 --- [notification-service] [ntainer#1-0-C-1] k.c.c.i.ConsumerRebalanceListenerInvoker : [Consumer clientId=consumer-notification-group-4, groupId=notification-group] Adding newly assigned partitions: trade-notifications-0
2025-04-10T16:18:08.381+08:00  INFO 35212 --- [notification-service] [ntainer#0-0-C-1] k.c.c.i.ConsumerRebalanceListenerInvoker : [Consumer clientId=consumer-notification-group-3, groupId=notification-group] Adding newly assigned partitions: approval-notifications-0
2025-04-10T16:18:08.381+08:00  INFO 35212 --- [notification-service] [container-0-C-1] k.c.c.i.ConsumerRebalanceListenerInvoker : [Consumer clientId=consumer-anonymous.80ebf885-f456-4dde-9b78-2a7cd51f5af1-2, groupId=anonymous.80ebf885-f456-4dde-9b78-2a7cd51f5af1] Adding newly assigned partitions: springCloudBus-0
2025-04-10T16:18:08.386+08:00  INFO 35212 --- [notification-service] [ntainer#0-0-C-1] o.a.k.c.c.internals.ConsumerCoordinator  : [Consumer clientId=consumer-notification-group-3, groupId=notification-group] Found no committed offset for partition approval-notifications-0
2025-04-10T16:18:08.386+08:00  INFO 35212 --- [notification-service] [ntainer#1-0-C-1] o.a.k.c.c.internals.ConsumerCoordinator  : [Consumer clientId=consumer-notification-group-4, groupId=notification-group] Found no committed offset for partition trade-notifications-0
2025-04-10T16:18:08.387+08:00  INFO 35212 --- [notification-service] [container-0-C-1] o.a.k.c.c.internals.ConsumerCoordinator  : [Consumer clientId=consumer-anonymous.80ebf885-f456-4dde-9b78-2a7cd51f5af1-2, groupId=anonymous.80ebf885-f456-4dde-9b78-2a7cd51f5af1] Found no committed offset for partition springCloudBus-0
2025-04-10T16:18:08.388+08:00  INFO 35212 --- [notification-service] [ntainer#1-0-C-1] o.a.k.c.c.internals.ConsumerCoordinator  : [Consumer clientId=consumer-notification-group-4, groupId=notification-group] Found no committed offset for partition trade-notifications-0
2025-04-10T16:18:08.388+08:00  INFO 35212 --- [notification-service] [ntainer#0-0-C-1] o.a.k.c.c.internals.ConsumerCoordinator  : [Consumer clientId=consumer-notification-group-3, groupId=notification-group] Found no committed offset for partition approval-notifications-0
2025-04-10T16:18:08.395+08:00  INFO 35212 --- [notification-service] [ntainer#0-0-C-1] o.a.k.c.c.internals.SubscriptionState    : [Consumer clientId=consumer-notification-group-3, groupId=notification-group] Resetting offset for partition approval-notifications-0 to position FetchPosition{offset=0, offsetEpoch=Optional.empty, currentLeader=LeaderAndEpoch{leader=Optional[DESKTOP-C0ELBRH:9092 (id: 0 rack: null)], epoch=0}}.
2025-04-10T16:18:08.395+08:00  INFO 35212 --- [notification-service] [ntainer#1-0-C-1] o.a.k.c.c.internals.SubscriptionState    : [Consumer clientId=consumer-notification-group-4, groupId=notification-group] Resetting offset for partition trade-notifications-0 to position FetchPosition{offset=0, offsetEpoch=Optional.empty, currentLeader=LeaderAndEpoch{leader=Optional[DESKTOP-C0ELBRH:9092 (id: 0 rack: null)], epoch=0}}.
2025-04-10T16:18:08.395+08:00  INFO 35212 --- [notification-service] [container-0-C-1] o.a.k.c.c.internals.SubscriptionState    : [Consumer clientId=consumer-anonymous.80ebf885-f456-4dde-9b78-2a7cd51f5af1-2, groupId=anonymous.80ebf885-f456-4dde-9b78-2a7cd51f5af1] Resetting offset for partition springCloudBus-0 to position FetchPosition{offset=0, offsetEpoch=Optional.empty, currentLeader=LeaderAndEpoch{leader=Optional[DESKTOP-C0ELBRH:9092 (id: 0 rack: null)], epoch=0}}.
2025-04-10T16:18:08.396+08:00  INFO 35212 --- [notification-service] [container-0-C-1] o.s.c.s.b.k.KafkaMessageChannelBinder$2  : anonymous.80ebf885-f456-4dde-9b78-2a7cd51f5af1: partitions assigned: [springCloudBus-0]
2025-04-10T16:18:08.402+08:00  INFO 35212 --- [notification-service] [ntainer#0-0-C-1] o.s.k.l.KafkaMessageListenerContainer    : notification-group: partitions assigned: [approval-notifications-0]
2025-04-10T16:18:08.402+08:00  INFO 35212 --- [notification-service] [ntainer#1-0-C-1] o.s.k.l.KafkaMessageListenerContainer    : notification-group: partitions assigned: [trade-notifications-0]
2025-04-10T16:18:08.900+08:00  INFO 35212 --- [notification-service] [           main] o.a.k.clients.producer.ProducerConfig    : ProducerConfig values: 
	acks = -1
	auto.include.jmx.reporter = true
	batch.size = 16384
	bootstrap.servers = [localhost:9092]
	buffer.memory = 33554432
	client.dns.lookup = use_all_dns_ips
	client.id = notification-service-producer-1
	compression.gzip.level = -1
	compression.lz4.level = 9
	compression.type = none
	compression.zstd.level = 3
	connections.max.idle.ms = 540000
	delivery.timeout.ms = 120000
	enable.idempotence = true
	enable.metrics.push = true
	interceptor.classes = []
	key.serializer = class org.apache.kafka.common.serialization.StringSerializer
	linger.ms = 0
	max.block.ms = 60000
	max.in.flight.requests.per.connection = 5
	max.request.size = 1048576
	metadata.max.age.ms = 300000
	metadata.max.idle.ms = 300000
	metadata.recovery.strategy = none
	metric.reporters = []
	metrics.num.samples = 2
	metrics.recording.level = INFO
	metrics.sample.window.ms = 30000
	partitioner.adaptive.partitioning.enable = true
	partitioner.availability.timeout.ms = 0
	partitioner.class = null
	partitioner.ignore.keys = false
	receive.buffer.bytes = 32768
	reconnect.backoff.max.ms = 1000
	reconnect.backoff.ms = 50
	request.timeout.ms = 30000
	retries = 2147483647
	retry.backoff.max.ms = 1000
	retry.backoff.ms = 100
	sasl.client.callback.handler.class = null
	sasl.jaas.config = null
	sasl.kerberos.kinit.cmd = /usr/bin/kinit
	sasl.kerberos.min.time.before.relogin = 60000
	sasl.kerberos.service.name = null
	sasl.kerberos.ticket.renew.jitter = 0.05
	sasl.kerberos.ticket.renew.window.factor = 0.8
	sasl.login.callback.handler.class = null
	sasl.login.class = null
	sasl.login.connect.timeout.ms = null
	sasl.login.read.timeout.ms = null
	sasl.login.refresh.buffer.seconds = 300
	sasl.login.refresh.min.period.seconds = 60
	sasl.login.refresh.window.factor = 0.8
	sasl.login.refresh.window.jitter = 0.05
	sasl.login.retry.backoff.max.ms = 10000
	sasl.login.retry.backoff.ms = 100
	sasl.mechanism = GSSAPI
	sasl.oauthbearer.clock.skew.seconds = 30
	sasl.oauthbearer.expected.audience = null
	sasl.oauthbearer.expected.issuer = null
	sasl.oauthbearer.jwks.endpoint.refresh.ms = 3600000
	sasl.oauthbearer.jwks.endpoint.retry.backoff.max.ms = 10000
	sasl.oauthbearer.jwks.endpoint.retry.backoff.ms = 100
	sasl.oauthbearer.jwks.endpoint.url = null
	sasl.oauthbearer.scope.claim.name = scope
	sasl.oauthbearer.sub.claim.name = sub
	sasl.oauthbearer.token.endpoint.url = null
	security.protocol = PLAINTEXT
	security.providers = null
	send.buffer.bytes = 131072
	socket.connection.setup.timeout.max.ms = 30000
	socket.connection.setup.timeout.ms = 10000
	ssl.cipher.suites = null
	ssl.enabled.protocols = [TLSv1.2, TLSv1.3]
	ssl.endpoint.identification.algorithm = https
	ssl.engine.factory.class = null
	ssl.key.password = null
	ssl.keymanager.algorithm = SunX509
	ssl.keystore.certificate.chain = null
	ssl.keystore.key = null
	ssl.keystore.location = null
	ssl.keystore.password = null
	ssl.keystore.type = JKS
	ssl.protocol = TLSv1.3
	ssl.provider = null
	ssl.secure.random.implementation = null
	ssl.trustmanager.algorithm = PKIX
	ssl.truststore.certificates = null
	ssl.truststore.location = null
	ssl.truststore.password = null
	ssl.truststore.type = JKS
	transaction.timeout.ms = 60000
	transactional.id = null
	value.serializer = class org.springframework.kafka.support.serializer.JsonSerializer

2025-04-10T16:18:08.902+08:00  INFO 35212 --- [notification-service] [           main] o.a.k.c.t.i.KafkaMetricsCollector        : initializing Kafka metrics collector
2025-04-10T16:18:08.919+08:00  INFO 35212 --- [notification-service] [           main] o.a.k.clients.producer.KafkaProducer     : [Producer clientId=notification-service-producer-1] Instantiated an idempotent producer.
2025-04-10T16:18:08.936+08:00  INFO 35212 --- [notification-service] [           main] o.a.kafka.common.utils.AppInfoParser     : Kafka version: 3.8.1
2025-04-10T16:18:08.936+08:00  INFO 35212 --- [notification-service] [           main] o.a.kafka.common.utils.AppInfoParser     : Kafka commitId: 70d6ff42debf7e17
2025-04-10T16:18:08.936+08:00  INFO 35212 --- [notification-service] [           main] o.a.kafka.common.utils.AppInfoParser     : Kafka startTimeMs: 1744273088936
2025-04-10T16:18:08.941+08:00  INFO 35212 --- [notification-service] [vice-producer-1] org.apache.kafka.clients.Metadata        : [Producer clientId=notification-service-producer-1] Cluster ID: lZSf4d7LSwyTn1BV_Q6Bmw
2025-04-10T16:18:09.038+08:00  INFO 35212 --- [notification-service] [vice-producer-1] o.a.k.c.p.internals.TransactionManager   : [Producer clientId=notification-service-producer-1] ProducerId set to 3000 with epoch 0
]]></system-out>
    <system-err><![CDATA[交易通知消息解析失败: Cannot construct instance of `java.util.LinkedHashMap` (although at least one Creator exists): no String-argument constructor/factory method to deserialize from String value ('{"clientId":"10001000000123456","tradeId":"T0001","status":"已执行"}')
 at [Source: REDACTED (`StreamReadFeature.INCLUDE_SOURCE_IN_LOCATION` disabled); line: 1, column: 1]
]]></system-err>
  </testcase>
</testsuite>